{
  "RSpec": {
    "coverage": {
      "/Users/coreygibson/Documents/workspace/daves_site/Sprout-Free/app/models/user.rb": [
        null,
        null,
        null,
        null,
        null,
        null,
        null,
        null,
        null,
        null,
        null,
        null,
        null,
        null,
        null,
        null,
        null,
        null,
        null,
        null,
        null,
        null,
        null,
        null,
        null,
        null,
        null,
        null,
        null,
        null,
        null,
        1,
        1,
        1,
        1,
        1,
        null,
        null,
        null,
        1,
        null,
        null,
        null,
        1,
        1,
        null,
        null,
        1,
        1,
        1,
        1,
        1,
        null,
        null,
        1,
        1,
        1,
        1,
        1,
        1,
        1,
        1,
        null,
        null,
        null,
        1,
        150,
        null,
        null,
        1,
        0,
        null,
        null,
        1,
        4,
        null,
        null,
        1,
        10,
        null,
        null,
        1,
        150,
        150,
        300,
        300,
        null,
        null,
        null
      ],
      "/Users/coreygibson/Documents/workspace/daves_site/Sprout-Free/app/models/application_record.rb": [
        1,
        1,
        null
      ],
      "/Users/coreygibson/Documents/workspace/daves_site/Sprout-Free/app/validators/username_validator.rb": [
        1,
        1,
        null,
        1,
        165,
        1,
        null,
        null,
        null
      ],
      "/Users/coreygibson/Documents/workspace/daves_site/Sprout-Free/app/helpers/application_helper.rb": [
        1,
        null,
        1,
        5,
        5,
        5,
        5,
        5,
        null,
        null,
        1,
        109,
        109,
        null,
        null,
        1,
        109,
        null,
        null,
        1,
        2,
        null,
        null,
        null,
        1,
        62,
        null,
        null,
        1,
        7,
        null,
        null,
        1,
        53,
        null,
        null,
        1,
        0,
        0,
        0,
        null,
        null,
        1,
        1,
        null,
        null,
        1,
        4,
        null,
        null
      ],
      "/Users/coreygibson/Documents/workspace/daves_site/Sprout-Free/app/helpers/errors_helper.rb": [
        1,
        null
      ],
      "/Users/coreygibson/Documents/workspace/daves_site/Sprout-Free/app/helpers/flash_helper.rb": [
        1,
        1,
        34,
        28,
        6,
        2,
        null,
        4,
        null,
        null,
        null
      ],
      "/Users/coreygibson/Documents/workspace/daves_site/Sprout-Free/app/helpers/follows_helper.rb": [
        1,
        null
      ],
      "/Users/coreygibson/Documents/workspace/daves_site/Sprout-Free/app/helpers/forum_categories_helper.rb": [
        1,
        null
      ],
      "/Users/coreygibson/Documents/workspace/daves_site/Sprout-Free/app/helpers/forum_post_helper.rb": [
        1,
        null
      ],
      "/Users/coreygibson/Documents/workspace/daves_site/Sprout-Free/app/helpers/forum_thread_helper.rb": [
        1,
        1,
        null,
        1,
        4,
        1,
        null,
        3,
        null,
        null,
        null
      ],
      "/Users/coreygibson/Documents/workspace/daves_site/Sprout-Free/app/helpers/forum_topic_helper.rb": [
        1,
        1,
        0,
        0,
        null,
        0,
        0,
        null,
        null,
        null,
        1,
        0,
        0,
        0,
        0,
        null,
        null,
        null,
        null,
        null
      ],
      "/Users/coreygibson/Documents/workspace/daves_site/Sprout-Free/app/helpers/forums_helper.rb": [
        1,
        null,
        1,
        2,
        null,
        null
      ],
      "/Users/coreygibson/Documents/workspace/daves_site/Sprout-Free/app/helpers/home_helper.rb": [
        1,
        null,
        1,
        49,
        null,
        null
      ],
      "/Users/coreygibson/Documents/workspace/daves_site/Sprout-Free/app/helpers/images_controller_helper.rb": [
        1,
        null
      ],
      "/Users/coreygibson/Documents/workspace/daves_site/Sprout-Free/app/helpers/site_notifications_helper.rb": [
        1,
        null
      ],
      "/Users/coreygibson/Documents/workspace/daves_site/Sprout-Free/app/helpers/tickler_helper.rb": [
        1,
        null
      ],
      "/Users/coreygibson/Documents/workspace/daves_site/Sprout-Free/app/helpers/user_profiles_helper.rb": [
        1,
        null
      ],
      "/Users/coreygibson/Documents/workspace/daves_site/Sprout-Free/app/controllers/forum_categories_controller.rb": [
        1,
        1,
        1,
        1,
        null,
        1,
        1,
        1,
        null,
        1,
        3,
        null,
        null,
        1,
        0,
        0,
        null,
        null,
        0,
        null,
        null,
        1,
        1,
        null,
        null,
        1,
        1,
        1,
        1,
        1,
        null,
        0,
        0,
        null,
        null,
        null,
        1,
        4,
        null,
        null,
        1,
        null,
        null,
        1,
        1,
        1,
        1,
        null,
        0,
        0,
        null,
        null,
        null,
        1,
        1,
        1,
        1,
        null,
        0,
        0,
        null,
        null,
        null,
        1,
        null,
        1,
        10,
        1,
        null,
        null,
        null,
        1,
        8,
        null,
        null,
        1,
        2,
        null,
        null,
        1,
        1,
        null,
        null
      ],
      "/Users/coreygibson/Documents/workspace/daves_site/Sprout-Free/app/controllers/application_controller.rb": [
        1,
        1,
        null,
        1,
        1,
        null,
        null,
        1,
        null,
        1,
        84,
        null,
        null,
        null,
        null,
        null,
        null,
        1,
        2,
        null,
        null,
        1,
        null,
        1,
        126,
        null,
        null,
        1,
        45,
        null,
        null
      ],
      "/Users/coreygibson/Documents/workspace/daves_site/Sprout-Free/app/controllers/forum_topics_controller.rb": [
        1,
        1,
        1,
        1,
        1,
        1,
        1,
        null,
        1,
        0,
        0,
        null,
        null,
        1,
        0,
        null,
        null,
        1,
        0,
        0,
        0,
        0,
        0,
        null,
        0,
        0,
        null,
        null,
        null,
        1,
        1,
        1,
        null,
        null,
        1,
        null,
        null,
        1,
        0,
        0,
        0,
        null,
        0,
        0,
        null,
        null,
        null,
        1,
        0,
        0,
        0,
        null,
        null,
        null,
        1,
        0,
        0,
        null,
        null,
        0,
        null,
        null,
        1,
        null,
        1,
        3,
        null,
        null,
        1,
        3,
        null,
        null,
        1,
        3,
        null,
        null,
        1,
        0,
        null,
        null,
        1,
        1,
        null,
        null,
        1,
        0,
        null,
        null,
        1,
        0,
        null,
        null
      ],
      "/Users/coreygibson/Documents/workspace/daves_site/Sprout-Free/app/controllers/forums_controller.rb": [
        1,
        1,
        8,
        null,
        null
      ],
      "/Users/coreygibson/Documents/workspace/daves_site/Sprout-Free/app/controllers/ticklers_controller.rb": [
        1,
        1,
        1,
        null,
        null,
        1,
        0,
        0,
        0,
        0,
        0,
        null,
        0,
        null,
        null,
        null,
        1,
        null,
        1,
        0,
        null,
        null
      ],
      "/Users/coreygibson/Documents/workspace/daves_site/Sprout-Free/app/mailers/tickler_mailer.rb": [
        1,
        null,
        1,
        0,
        null,
        0,
        null,
        null,
        null,
        null,
        null,
        1,
        0,
        0,
        null,
        0,
        null,
        null,
        null,
        null,
        null
      ],
      "/Users/coreygibson/Documents/workspace/daves_site/Sprout-Free/app/mailers/application_mailer.rb": [
        1,
        1,
        1,
        null
      ],
      "/Users/coreygibson/Documents/workspace/daves_site/Sprout-Free/app/models/forum_category.rb": [
        null,
        null,
        null,
        null,
        null,
        null,
        null,
        null,
        null,
        null,
        null,
        null,
        null,
        null,
        null,
        null,
        null,
        null,
        1,
        1,
        1,
        null,
        1,
        1,
        1,
        1,
        1,
        null,
        1,
        null
      ],
      "/Users/coreygibson/Documents/workspace/daves_site/Sprout-Free/app/models/forum_post.rb": [
        null,
        null,
        null,
        null,
        null,
        null,
        null,
        null,
        null,
        null,
        null,
        null,
        1,
        1,
        1,
        1,
        1,
        null,
        1,
        null
      ],
      "/Users/coreygibson/Documents/workspace/daves_site/Sprout-Free/app/models/forum_thread.rb": [
        null,
        null,
        null,
        null,
        null,
        null,
        null,
        null,
        null,
        null,
        null,
        null,
        null,
        1,
        1,
        1,
        1,
        1,
        1,
        1,
        null,
        1,
        null,
        1,
        1,
        null
      ],
      "/Users/coreygibson/Documents/workspace/daves_site/Sprout-Free/app/models/forum_topic.rb": [
        null,
        null,
        null,
        null,
        null,
        null,
        null,
        null,
        null,
        null,
        null,
        null,
        null,
        null,
        null,
        null,
        null,
        null,
        null,
        1,
        1,
        1,
        null,
        1,
        1,
        1,
        null,
        1,
        null
      ],
      "/Users/coreygibson/Documents/workspace/daves_site/Sprout-Free/app/models/image.rb": [
        null,
        null,
        null,
        null,
        null,
        null,
        null,
        null,
        null,
        null,
        1,
        1,
        null
      ],
      "/Users/coreygibson/Documents/workspace/daves_site/Sprout-Free/app/uploaders/photo_uploader.rb": [
        1,
        null
      ],
      "/Users/coreygibson/Documents/workspace/daves_site/Sprout-Free/app/models/role.rb": [
        null,
        null,
        null,
        null,
        null,
        null,
        null,
        null,
        null,
        null,
        null,
        null,
        null,
        null,
        null,
        null,
        null,
        null,
        1,
        1,
        null,
        null,
        1,
        null,
        null,
        null,
        null,
        1,
        null,
        null,
        null,
        1,
        null
      ],
      "/Users/coreygibson/Documents/workspace/daves_site/Sprout-Free/app/models/tickler.rb": [
        null,
        null,
        null,
        null,
        null,
        null,
        null,
        null,
        null,
        null,
        null,
        null,
        null,
        null,
        1,
        null,
        1,
        1,
        null,
        1,
        0,
        0,
        0,
        null,
        null
      ],
      "/Users/coreygibson/Documents/workspace/daves_site/Sprout-Free/app/mailers/new_user_notify_mailer.rb": [
        1,
        1,
        null,
        1,
        300,
        300,
        300,
        null,
        300,
        null,
        null,
        null,
        null,
        null
      ],
      "/Users/coreygibson/Documents/workspace/daves_site/Sprout-Free/app/controllers/home_controller.rb": [
        1,
        1,
        null,
        null
      ],
      "/Users/coreygibson/Documents/workspace/daves_site/Sprout-Free/app/models/notification.rb": [
        null,
        null,
        null,
        null,
        null,
        null,
        null,
        null,
        null,
        null,
        null,
        null,
        null,
        null,
        null,
        1,
        1,
        1,
        1,
        null,
        null,
        1,
        85,
        null
      ],
      "/Users/coreygibson/Documents/workspace/daves_site/Sprout-Free/app/controllers/forum_threads_controller.rb": [
        1,
        1,
        1,
        1,
        1,
        1,
        1,
        1,
        null,
        null,
        null,
        null,
        1,
        null,
        2,
        0,
        0,
        null,
        2,
        null,
        null,
        null,
        1,
        12,
        12,
        12,
        null,
        null,
        1,
        0,
        0,
        0,
        null,
        null,
        1,
        0,
        0,
        0,
        null,
        0,
        null,
        0,
        0,
        0,
        null,
        0,
        0,
        null,
        null,
        null,
        1,
        null,
        null,
        1,
        null,
        null,
        1,
        0,
        0,
        0,
        0,
        null,
        0,
        0,
        null,
        null,
        null,
        1,
        null,
        1,
        10,
        null,
        null,
        1,
        10,
        null,
        null,
        1,
        8,
        null,
        null,
        null,
        null,
        null,
        null,
        1,
        12,
        12,
        null,
        null,
        1,
        0,
        0,
        null,
        null,
        1,
        0,
        null,
        null
      ],
      "/Users/coreygibson/Documents/workspace/daves_site/Sprout-Free/app/models/ability.rb": [
        1,
        1,
        null,
        1,
        31,
        31,
        13,
        18,
        18,
        18,
        18,
        null,
        0,
        null,
        null,
        null,
        null,
        null,
        null,
        null,
        null,
        null,
        null,
        null,
        null,
        null,
        null,
        null,
        null,
        null,
        null,
        null,
        null,
        null,
        null,
        null,
        null,
        null,
        null,
        null,
        null,
        null,
        null
      ],
      "/Users/coreygibson/Documents/workspace/daves_site/Sprout-Free/app/models/follow.rb": [
        null,
        null,
        null,
        null,
        null,
        null,
        null,
        null,
        null,
        null,
        null,
        null,
        null,
        null,
        null,
        null,
        1,
        1,
        1,
        null
      ],
      "/Users/coreygibson/Documents/workspace/daves_site/Sprout-Free/app/models/like.rb": [
        null,
        null,
        null,
        null,
        null,
        null,
        null,
        null,
        null,
        null,
        null,
        null,
        null,
        null,
        null,
        null,
        1,
        1,
        1,
        null
      ],
      "/Users/coreygibson/Documents/workspace/daves_site/Sprout-Free/app/controllers/confirm_reminders_controller.rb": [
        1,
        1,
        1,
        null,
        1,
        15,
        1,
        6,
        null,
        null,
        null,
        1,
        1,
        null,
        null,
        null,
        1,
        null,
        1,
        1,
        0,
        null,
        null,
        null
      ],
      "/Users/coreygibson/Documents/workspace/daves_site/Sprout-Free/app/mailers/reconfirm_mailer.rb": [
        1,
        null,
        1,
        6,
        null,
        6,
        null,
        null,
        null,
        null,
        null
      ],
      "/Users/coreygibson/Documents/workspace/daves_site/Sprout-Free/app/controllers/user_profiles_controller.rb": [
        1,
        1,
        1,
        1,
        null,
        null,
        1,
        3,
        null,
        null,
        1,
        1,
        null,
        null,
        1,
        1,
        1,
        1,
        null,
        0,
        0,
        null,
        null,
        null,
        1,
        null,
        1,
        1,
        null,
        null,
        1,
        2,
        null,
        null,
        1,
        null,
        2,
        0,
        null,
        null,
        null
      ],
      "/Users/coreygibson/Documents/workspace/daves_site/Sprout-Free/app/controllers/forum_threads/follows_controller.rb": [
        1,
        1,
        null,
        1,
        2,
        null,
        2,
        2,
        null,
        null,
        1,
        1,
        null,
        1,
        null,
        null,
        1,
        null,
        1,
        3,
        null,
        null
      ],
      "/Users/coreygibson/Documents/workspace/daves_site/Sprout-Free/app/mailers/notifications_mailer.rb": [
        0,
        null,
        0,
        0,
        0,
        0,
        0,
        null,
        0,
        0,
        0,
        0,
        0,
        null,
        0,
        0,
        0,
        0,
        0,
        null,
        0,
        0,
        0,
        0,
        0,
        0
      ],
      "/Users/coreygibson/Documents/workspace/daves_site/Sprout-Free/app/models/site_notification.rb": [
        null,
        null,
        null,
        null,
        null,
        null,
        null,
        null,
        null,
        null,
        null,
        null,
        null,
        null,
        null,
        null,
        null,
        null,
        null,
        0,
        0,
        0
      ],
      "/Users/coreygibson/Documents/workspace/daves_site/Sprout-Free/app/models/home.rb": [
        0,
        null,
        0
      ],
      "/Users/coreygibson/Documents/workspace/daves_site/Sprout-Free/app/dashboards/image_dashboard.rb": [
        0,
        null,
        0,
        null,
        null,
        null,
        null,
        null,
        null,
        0,
        0,
        0,
        0,
        0,
        0,
        null,
        null,
        null,
        null,
        null,
        null,
        0,
        0,
        0,
        0,
        0,
        0,
        null,
        null,
        null,
        0,
        0,
        0,
        0,
        0,
        0,
        null,
        null,
        null,
        null,
        0,
        0,
        0,
        null,
        null,
        null,
        null,
        null,
        null,
        null,
        0
      ],
      "/Users/coreygibson/Documents/workspace/daves_site/Sprout-Free/app/dashboards/user_dashboard.rb": [
        0,
        null,
        0,
        null,
        null,
        null,
        null,
        null,
        null,
        0,
        0,
        0,
        0,
        0,
        0,
        0,
        0,
        0,
        0,
        0,
        0,
        0,
        0,
        0,
        0,
        0,
        0,
        0,
        0,
        0,
        null,
        null,
        null,
        null,
        null,
        null,
        0,
        0,
        0,
        0,
        0,
        0,
        null,
        null,
        null,
        0,
        0,
        0,
        0,
        0,
        0,
        0,
        0,
        0,
        0,
        0,
        0,
        0,
        0,
        0,
        0,
        0,
        0,
        0,
        0,
        0,
        null,
        null,
        null,
        null,
        0,
        0,
        0,
        0,
        0,
        0,
        0,
        0,
        0,
        0,
        0,
        0,
        0,
        0,
        0,
        0,
        0,
        0,
        null,
        null,
        null,
        null,
        null,
        null,
        null,
        0
      ],
      "/Users/coreygibson/Documents/workspace/daves_site/Sprout-Free/app/dashboards/forum_topic_dashboard.rb": [
        0,
        null,
        0,
        null,
        null,
        null,
        null,
        null,
        null,
        0,
        0,
        0,
        0,
        0,
        0,
        0,
        null,
        null,
        null,
        null,
        null,
        null,
        0,
        0,
        0,
        0,
        0,
        0,
        null,
        null,
        null,
        0,
        0,
        0,
        0,
        0,
        0,
        0,
        null,
        null,
        null,
        null,
        0,
        0,
        0,
        0,
        null,
        null,
        null,
        null,
        null,
        null,
        null,
        0
      ],
      "/Users/coreygibson/Documents/workspace/daves_site/Sprout-Free/app/dashboards/forum_thread_dashboard.rb": [
        0,
        null,
        0,
        null,
        null,
        null,
        null,
        null,
        null,
        0,
        0,
        0,
        0,
        0,
        0,
        0,
        0,
        0,
        null,
        null,
        null,
        null,
        null,
        null,
        0,
        0,
        0,
        0,
        0,
        0,
        null,
        null,
        null,
        0,
        0,
        0,
        0,
        0,
        0,
        0,
        0,
        0,
        null,
        null,
        null,
        null,
        0,
        0,
        0,
        0,
        0,
        0,
        null,
        null,
        null,
        null,
        null,
        null,
        null,
        0
      ],
      "/Users/coreygibson/Documents/workspace/daves_site/Sprout-Free/app/dashboards/forum_post_dashboard.rb": [
        0,
        null,
        0,
        null,
        null,
        null,
        null,
        null,
        null,
        0,
        0,
        0,
        0,
        0,
        0,
        0,
        0,
        null,
        null,
        null,
        null,
        null,
        null,
        0,
        0,
        0,
        0,
        0,
        0,
        null,
        null,
        null,
        0,
        0,
        0,
        0,
        0,
        0,
        0,
        0,
        null,
        null,
        null,
        null,
        0,
        0,
        0,
        0,
        0,
        null,
        null,
        null,
        null,
        null,
        null,
        null,
        0
      ],
      "/Users/coreygibson/Documents/workspace/daves_site/Sprout-Free/app/fields/password_field.rb": [
        0,
        null,
        0,
        0,
        null,
        0,
        0
      ],
      "/Users/coreygibson/Documents/workspace/daves_site/Sprout-Free/app/jobs/application_job.rb": [
        0,
        0
      ],
      "/Users/coreygibson/Documents/workspace/daves_site/Sprout-Free/app/controllers/images_controller.rb": [
        0,
        0,
        null,
        0,
        0,
        null,
        0,
        null,
        0,
        0,
        0,
        0,
        0,
        0,
        0,
        0,
        null,
        0,
        null,
        0,
        0,
        0,
        0
      ],
      "/Users/coreygibson/Documents/workspace/daves_site/Sprout-Free/app/controllers/forum_threads/forum_posts_controller.rb": [
        0,
        0,
        0,
        0,
        null,
        null,
        0,
        0,
        0,
        null,
        0,
        0,
        0,
        0,
        null,
        null,
        0,
        0,
        0,
        null,
        0,
        0,
        0,
        null,
        null,
        0,
        0,
        0,
        0,
        0,
        null,
        0,
        0,
        null,
        0,
        0,
        0,
        0,
        0,
        0,
        0,
        0,
        0,
        null,
        0,
        0,
        0,
        0,
        0,
        0,
        0,
        null,
        null,
        0,
        null,
        0,
        0,
        0,
        null,
        0,
        0,
        0,
        null,
        0,
        0,
        0,
        null,
        0,
        0,
        0,
        0
      ],
      "/Users/coreygibson/Documents/workspace/daves_site/Sprout-Free/app/controllers/forum_threads/forum_posts/likes_controller.rb": [
        0,
        0,
        0,
        0,
        0,
        null,
        0,
        0,
        null,
        null,
        0,
        0,
        0,
        null,
        0,
        0,
        0,
        0,
        0,
        null,
        0,
        0,
        null,
        0,
        0,
        0,
        0,
        0,
        null,
        0,
        null,
        0,
        0,
        0,
        null,
        0,
        0,
        0,
        0
      ],
      "/Users/coreygibson/Documents/workspace/daves_site/Sprout-Free/app/controllers/notifications_controller.rb": [
        0,
        0,
        null,
        0,
        0,
        0,
        null,
        0,
        0,
        0,
        0,
        0,
        null,
        0
      ],
      "/Users/coreygibson/Documents/workspace/daves_site/Sprout-Free/app/controllers/admin/images_controller.rb": [
        0,
        0,
        null,
        null,
        null,
        0,
        0,
        0,
        0,
        0,
        0,
        null,
        null,
        null,
        null,
        null,
        null,
        null,
        null,
        0,
        0
      ],
      "/Users/coreygibson/Documents/workspace/daves_site/Sprout-Free/app/controllers/admin/application_controller.rb": [
        null,
        null,
        null,
        null,
        null,
        null,
        0,
        0,
        0,
        null,
        0,
        0,
        0,
        0,
        0,
        null,
        null,
        null,
        null,
        null,
        null,
        0,
        0
      ],
      "/Users/coreygibson/Documents/workspace/daves_site/Sprout-Free/app/controllers/admin/forum_posts_controller.rb": [
        0,
        0,
        null,
        null,
        null,
        null,
        null,
        null,
        null,
        null,
        null,
        null,
        null,
        null,
        null,
        null,
        null,
        null,
        null,
        0,
        0
      ],
      "/Users/coreygibson/Documents/workspace/daves_site/Sprout-Free/app/controllers/admin/users_controller.rb": [
        0,
        0,
        null,
        null,
        null,
        null,
        null,
        null,
        null,
        null,
        null,
        null,
        null,
        null,
        null,
        null,
        null,
        null,
        null,
        0,
        0
      ],
      "/Users/coreygibson/Documents/workspace/daves_site/Sprout-Free/app/controllers/admin/forum_threads_controller.rb": [
        0,
        0,
        null,
        null,
        null,
        null,
        null,
        null,
        null,
        null,
        null,
        null,
        null,
        null,
        null,
        null,
        null,
        null,
        null,
        0,
        0
      ],
      "/Users/coreygibson/Documents/workspace/daves_site/Sprout-Free/app/controllers/admin/forum_topics_controller.rb": [
        0,
        0,
        null,
        null,
        null,
        null,
        null,
        null,
        null,
        null,
        null,
        null,
        null,
        null,
        null,
        null,
        null,
        null,
        null,
        0,
        0
      ],
      "/Users/coreygibson/Documents/workspace/daves_site/Sprout-Free/app/controllers/site_notifications_controller.rb": [
        0,
        0,
        0,
        null,
        0,
        0,
        0,
        null,
        0,
        0,
        0,
        0,
        null,
        0,
        null,
        0,
        0,
        0,
        0,
        0,
        null,
        null,
        0,
        0,
        0,
        null,
        null,
        0,
        0,
        0,
        0,
        null,
        0,
        null,
        0,
        0,
        0,
        null,
        0,
        0,
        0,
        0,
        0,
        0
      ],
      "/Users/coreygibson/Documents/workspace/daves_site/Sprout-Free/app/controllers/errors_controller.rb": [
        0,
        null,
        0,
        0,
        0,
        null,
        0,
        0,
        0,
        null,
        0,
        0,
        0,
        null,
        0
      ],
      "/Users/coreygibson/Documents/workspace/daves_site/Sprout-Free/app/inputs/trix_editor_input.rb": [
        null,
        null,
        null,
        null,
        null,
        null,
        null,
        null,
        null,
        null,
        null,
        null,
        null,
        null,
        null,
        null,
        null,
        null,
        null,
        null,
        null,
        null,
        null,
        null,
        null,
        null,
        null,
        null,
        null,
        null,
        null,
        null,
        null,
        null,
        null,
        null
      ],
      "/Users/coreygibson/Documents/workspace/daves_site/Sprout-Free/app/channels/application_cable/connection.rb": [
        0,
        0,
        0,
        0
      ],
      "/Users/coreygibson/Documents/workspace/daves_site/Sprout-Free/app/channels/application_cable/channel.rb": [
        0,
        0,
        0,
        0
      ]
    },
    "timestamp": 1544059387
  }
}
